#
# There is insufficient memory for the Java Runtime Environment to continue.
# Native memory allocation (malloc) failed to allocate 368656 bytes for Chunk::new
# Possible reasons:
#   The system is out of physical RAM or swap space
#   The process is running with CompressedOops enabled, and the Java Heap may be blocking the growth of the native heap
# Possible solutions:
#   Reduce memory load on the system
#   Increase physical memory or swap space
#   Check if swap backing store is full
#   Decrease Java heap size (-Xmx/-Xms)
#   Decrease number of Java threads
#   Decrease Java thread stack sizes (-Xss)
#   Set larger code cache with -XX:ReservedCodeCacheSize=
#   JVM is running with Unscaled Compressed Oops mode in which the Java heap is
#     placed in the first 4GB address space. The Java Heap base address is the
#     maximum limit for the native heap growth. Please use -XX:HeapBaseMinAddress
#     to set the Java Heap base and to place the Java Heap above 4GB virtual address.
# This output file may be truncated or incomplete.
#
#  Out of Memory Error (./src/hotspot/share/memory/arena.cpp:197), pid=11448, tid=18148
#
# JRE version:  (11.0.13+7) (build )
# Java VM: OpenJDK 64-Bit Server VM (11.0.13+7-b1751.25, mixed mode, tiered, compressed oops, g1 gc, windows-amd64)
# No core dump will be written. Minidumps are not enabled by default on client versions of Windows
#

---------------  S U M M A R Y ------------

Command Line: git4idea.http.GitAskPassApp Username for 'https://github.com': 

Host: Intel(R) Core(TM) i5-3230M CPU @ 2.60GHz, 4 cores, 7G,  Windows 10 , 64 bit Build 19041 (10.0.19041.1889)
Time: Mon Oct 31 21:59:24 2022 Sri Lanka Standard Time elapsed time: 0.023536 seconds (0d 0h 0m 0s)

---------------  T H R E A D  ---------------

Current thread (0x00000169be02d000):  JavaThread "Unknown thread" [_thread_in_vm, id=18148, stack(0x000000121a500000,0x000000121a600000)]

Stack: [0x000000121a500000,0x000000121a600000]
Native frames: (J=compiled Java code, j=interpreted, Vv=VM code, C=native code)
V  [jvm.dll+0x613daa]
V  [jvm.dll+0x799b30]
V  [jvm.dll+0x79b14d]
V  [jvm.dll+0x79b823]
V  [jvm.dll+0x24c958]
V  [jvm.dll+0xc14dc]
V  [jvm.dll+0xc1213]
V  [jvm.dll+0x72cd33]
V  [jvm.dll+0x778692]
V  [jvm.dll+0x3666c9]
V  [jvm.dll+0x75a9ce]
V  [jvm.dll+0x3d47d3]
V  [jvm.dll+0x3d6d21]
C  [jli.dll+0x536b]
C  [ucrtbase.dll+0x21bb2]
C  [KERNEL32.DLL+0x17034]
C  [ntdll.dll+0x526a1]


---------------  P R O C E S S  ---------------

Threads class SMR info:
_java_thread_list=0x00000169bdf33080, length=0, elements={
}

Java Threads: ( => current thread )

Other Threads:
  0x00000169be048800 GCTaskThread "GC Thread#0" [stack: 0x000000121a600000,0x000000121a700000] [id=14484]
  0x00000169be077800 ConcurrentGCThread "G1 Main Marker" [stack: 0x000000121a700000,0x000000121a800000] [id=10332]
  0x00000169be079000 ConcurrentGCThread "G1 Conc#0" [stack: 0x000000121a800000,0x000000121a900000] [id=10424]
  0x00000169be10a000 ConcurrentGCThread "G1 Refine#0" [stack: 0x000000121a900000,0x000000121aa00000] [id=1236]
  0x00000169be10b000 ConcurrentGCThread "G1 Young RemSet Sampling" [stack: 0x000000121aa00000,0x000000121ab00000] [id=12676]

=>0x00000169be02d000 (exited) JavaThread "Unknown thread" [_thread_in_vm, id=18148, stack(0x000000121a500000,0x000000121a600000)]

Threads with active compile tasks:

VM state:not at safepoint (not fully initialized)

VM Mutex/Monitor currently owned by a thread: None

Heap address: 0x0000000081c00000, size: 2020 MB, Compressed Oops mode: 32-bit
Narrow klass base: 0x0000000000000000, Narrow klass shift: 3
Compressed class space size: 1073741824 Address: 0x0000000100000000

GC Heap History (0 events):
No events

Deoptimization events (0 events):
No events

Classes redefined (0 events):
No events

Internal exceptions (0 events):
No events

Events (1 events):
Event: 0.013 Loaded shared library C:\Program Files\JetBrains\IntelliJ IDEA 2021.3.2\jbr\bin\zip.dll


Dynamic libraries:
0x00007ff75c2a0000 - 0x00007ff75c2aa000 	C:\Program Files\JetBrains\IntelliJ IDEA 2021.3.2\jbr\bin\java.exe
0x00007fffb1e70000 - 0x00007fffb2068000 	C:\WINDOWS\SYSTEM32\ntdll.dll
0x00007fffb0030000 - 0x00007fffb00ed000 	C:\WINDOWS\System32\KERNEL32.DLL
0x00007fffaf7a0000 - 0x00007fffafa72000 	C:\WINDOWS\System32\KERNELBASE.dll
0x00007fffaf580000 - 0x00007fffaf680000 	C:\WINDOWS\System32\ucrtbase.dll
0x00007fff9fe20000 - 0x00007fff9fe37000 	C:\Program Files\JetBrains\IntelliJ IDEA 2021.3.2\jbr\bin\VCRUNTIME140.dll
0x00007fff9fe00000 - 0x00007fff9fe19000 	C:\Program Files\JetBrains\IntelliJ IDEA 2021.3.2\jbr\bin\jli.dll
0x00007fffb0fe0000 - 0x00007fffb117d000 	C:\WINDOWS\System32\USER32.dll
0x00007fffafa80000 - 0x00007fffafaa2000 	C:\WINDOWS\System32\win32u.dll
0x00007fffafff0000 - 0x00007fffb001b000 	C:\WINDOWS\System32\GDI32.dll
0x00007fffafdc0000 - 0x00007fffafecf000 	C:\WINDOWS\System32\gdi32full.dll
0x00007fffafd20000 - 0x00007fffafdbd000 	C:\WINDOWS\System32\msvcp_win.dll
0x00007fff9e080000 - 0x00007fff9e31a000 	C:\WINDOWS\WinSxS\amd64_microsoft.windows.common-controls_6595b64144ccf1df_6.0.19041.1110_none_60b5254171f9507e\COMCTL32.dll
0x00007fffb1180000 - 0x00007fffb121e000 	C:\WINDOWS\System32\msvcrt.dll
0x00007fffb0d80000 - 0x00007fffb0db0000 	C:\WINDOWS\System32\IMM32.DLL
0x00007fff61060000 - 0x00007fff610fd000 	C:\Program Files\JetBrains\IntelliJ IDEA 2021.3.2\jbr\bin\msvcp140.dll
0x00007fff4b2b0000 - 0x00007fff4be26000 	C:\Program Files\JetBrains\IntelliJ IDEA 2021.3.2\jbr\bin\server\jvm.dll
0x00007fffb1610000 - 0x00007fffb16be000 	C:\WINDOWS\System32\ADVAPI32.dll
0x00007fffb1b30000 - 0x00007fffb1bcc000 	C:\WINDOWS\System32\sechost.dll
0x00007fffb1480000 - 0x00007fffb15a5000 	C:\WINDOWS\System32\RPCRT4.dll
0x00007fffb0020000 - 0x00007fffb0028000 	C:\WINDOWS\System32\PSAPI.DLL
0x00007fffaa140000 - 0x00007fffaa149000 	C:\WINDOWS\SYSTEM32\WSOCK32.dll
0x00007fffa2300000 - 0x00007fffa2327000 	C:\WINDOWS\SYSTEM32\WINMM.dll
0x00007fffb0f60000 - 0x00007fffb0fcb000 	C:\WINDOWS\System32\WS2_32.dll
0x00007fffa1310000 - 0x00007fffa131a000 	C:\WINDOWS\SYSTEM32\VERSION.dll
0x00007fffaddd0000 - 0x00007fffadde2000 	C:\WINDOWS\SYSTEM32\kernel.appcore.dll
0x00007fffaa0b0000 - 0x00007fffaa0c1000 	C:\Program Files\JetBrains\IntelliJ IDEA 2021.3.2\jbr\bin\verify.dll
0x00007fffa2080000 - 0x00007fffa2264000 	C:\WINDOWS\SYSTEM32\DBGHELP.DLL
0x00007fffa2000000 - 0x00007fffa202c000 	C:\WINDOWS\SYSTEM32\dbgcore.DLL
0x00007fffafab0000 - 0x00007fffafb32000 	C:\WINDOWS\System32\bcryptPrimitives.dll
0x00007fffa8230000 - 0x00007fffa8259000 	C:\Program Files\JetBrains\IntelliJ IDEA 2021.3.2\jbr\bin\java.dll
0x00007fffaaa50000 - 0x00007fffaaa5b000 	C:\Program Files\JetBrains\IntelliJ IDEA 2021.3.2\jbr\bin\jimage.dll
0x00007fffa9e60000 - 0x00007fffa9e78000 	C:\Program Files\JetBrains\IntelliJ IDEA 2021.3.2\jbr\bin\zip.dll

dbghelp: loaded successfully - version: 4.0.5 - missing functions: none
symbol engine: initialized successfully - sym options: 0x614 - pdb path: .;C:\Program Files\JetBrains\IntelliJ IDEA 2021.3.2\jbr\bin;C:\WINDOWS\SYSTEM32;C:\WINDOWS\WinSxS\amd64_microsoft.windows.common-controls_6595b64144ccf1df_6.0.19041.1110_none_60b5254171f9507e;C:\Program Files\JetBrains\IntelliJ IDEA 2021.3.2\jbr\bin\server

VM Arguments:
java_command: git4idea.http.GitAskPassApp Username for 'https://github.com': 
java_class_path (initial): C:/Program Files/JetBrains/IntelliJ IDEA 2021.3.2/plugins/git4idea/lib/git4idea-rt.jar;C:/Program Files/JetBrains/IntelliJ IDEA 2021.3.2/lib/3rd-party.jar;C:/Program Files/JetBrains/IntelliJ IDEA 2021.3.2/lib/3rd-party-rt.jar
Launcher Type: SUN_STANDARD

[Global flags]
     intx CICompilerCount                          = 3                                         {product} {ergonomic}
     uint ConcGCThreads                            = 1                                         {product} {ergonomic}
     uint G1ConcRefinementThreads                  = 4                                         {product} {ergonomic}
   size_t G1HeapRegionSize                         = 1048576                                   {product} {ergonomic}
    uintx GCDrainStackTargetSize                   = 64                                        {product} {ergonomic}
   size_t InitialHeapSize                          = 134217728                                 {product} {ergonomic}
   size_t MarkStackSize                            = 4194304                                   {product} {ergonomic}
   size_t MaxHeapSize                              = 2118123520                                {product} {ergonomic}
   size_t MaxNewSize                               = 1270874112                                {product} {ergonomic}
   size_t MinHeapDeltaBytes                        = 1048576                                   {product} {ergonomic}
    uintx NonNMethodCodeHeapSize                   = 5830732                                {pd product} {ergonomic}
    uintx NonProfiledCodeHeapSize                  = 122913754                              {pd product} {ergonomic}
    uintx ProfiledCodeHeapSize                     = 122913754                              {pd product} {ergonomic}
    uintx ReservedCodeCacheSize                    = 251658240                              {pd product} {ergonomic}
     bool SegmentedCodeCache                       = true                                      {product} {ergonomic}
     bool UseCompressedClassPointers               = true                                 {lp64_product} {ergonomic}
     bool UseCompressedOops                        = true                                 {lp64_product} {ergonomic}
     bool UseG1GC                                  = true                                      {product} {ergonomic}
     bool UseLargePagesIndividualAllocation        = false                                  {pd product} {ergonomic}

Logging:
Log output configuration:
 #0: stdout all=warning uptime,level,tags
 #1: stderr all=off uptime,level,tags

Environment Variables:
JAVA_HOME=C:\Program Files\Java\jdk-11.0.14
PATH=C:\Program Files\Git\mingw64\libexec\git-core;C:\Program Files\Git\mingw64\libexec\git-core;C:\Program Files\Git\mingw64\bin;C:\Program Files\Git\usr\bin;C:\Users\LAKSHAN\bin;C:\Program Files\Common Files\Oracle\Java\javapath;C:\WINDOWS\system32;C:\WINDOWS;C:\WINDOWS\System32\Wbem;C:\WINDOWS\System32\WindowsPowerShell\v1.0;C:\Program Files\Git\cmd;C:\Program Files\nodejs;C:\Program Files\Microsoft SQL Server\Client SDK\ODBC\170\Tools\Binn;C:\Program Files (x86)\Microsoft SQL Server\150\Tools\Binn;C:\Program Files\Microsoft SQL Server\150\Tools\Binn;C:\Program Files\Microsoft SQL Server\150\DTS\Binn;C:\Program Files (x86)\Microsoft SQL Server\150\DTS\Binn;C:\Program Files\Azure Data Studio\bin;C:\WINDOWS\System32\OpenSSH;C:\Program Files\swipl\bin;C:\Program Files\MySQL\MySQL Shell 8.0\bin;C:\Users\LAKSHAN\AppData\Local\Microsoft\WindowsApps;C:\Program Files\JetBrains\IntelliJ IDEA 2021.3.2\bin;C:\Users\LAKSHAN\AppData\Roaming\npm;C:\Program Files\Azure Data Studio\bin;C:\Program Files\Java\jdk-11.0.14\bin;C:\Users\LAKSHAN\AppData\Local\Programs\Microsoft VS Code\bin;C:\flutter\bin
USERNAME=LAKSHAN
DISPLAY=:0.0
LC_ALL=en_US.UTF-8
OS=Windows_NT
PROCESSOR_IDENTIFIER=Intel64 Family 6 Model 58 Stepping 9, GenuineIntel



---------------  S Y S T E M  ---------------

OS: Windows 10 , 64 bit Build 19041 (10.0.19041.1889)
OS uptime: 4 days 22:32 hours

CPU:total 4 (initial active 4) (2 cores per cpu, 2 threads per core) family 6 model 58 stepping 9 microcode 0x21, cmov, cx8, fxsr, mmx, sse, sse2, sse3, ssse3, sse4.1, sse4.2, popcnt, avx, aes, clmul, erms, ht, tsc, tscinvbit, tscinv

Memory: 4k page, system-wide physical 8075M (1156M free)
TotalPageFile size 11075M (AvailPageFile size 5M)
current process WorkingSet (physical memory assigned to process): 15M, peak: 15M
current process commit charge ("private bytes"): 185M, peak: 185M

vm_info: OpenJDK 64-Bit Server VM (11.0.13+7-b1751.25) for windows-amd64 JRE (11.0.13+7-b1751.25), built on Jan 13 2022 20:47:27 by "" with MS VC++ 14.0 (VS2015)

END.
